Arguments: 
  D:\Program Files\nodejs\node.exe C:\Users\datouge\AppData\Roaming\npm\node_modules\yarn\bin\yarn.js actionreact

PATH: 
  C:\Windows\system32;C:\Windows;C:\Windows\System32\Wbem;C:\Windows\System32\WindowsPowerShell\v1.0\;D:\Git\bin\git.exe;D:\exerun;C:\Users\datouge\go\src\github.com\fogleman\primitive;C:\OpenSSL-Win64\bin;D:\Program Files\nodejs\;D:\Program Files\nodejs;D:\Git\bin;D:\vscodebao\Microsoft VS Code\bin;;C:\Program Files\Microsoft VS Code\bin;D:\Microsoft VS Code\bin;D:\android_path\tools\bin;D:\java\bin;D:\Tree\Microsoft VS Code\bin;C:\Users\datouge\AppData\Roaming\npm

Yarn version: 
  1.9.4

Node version: 
  10.14.1

Platform: 
  win32 x64

Trace: 
  SyntaxError: D:\webroot\mockjs-to-ts\package.json: Unexpected token } in JSON at position 363
      at JSON.parse (<anonymous>)
      at C:\Users\datouge\AppData\Roaming\npm\node_modules\yarn\lib\cli.js:1130:59
      at Generator.next (<anonymous>)
      at step (C:\Users\datouge\AppData\Roaming\npm\node_modules\yarn\lib\cli.js:92:30)
      at C:\Users\datouge\AppData\Roaming\npm\node_modules\yarn\lib\cli.js:103:13

npm manifest: 
  {
      "name": "mockjs-to-ts",
      "version": "0.1.0",
      "description": "",
      "main": "index.js",
      "scripts": {
          "test": "echo \"Error: no test specified\" && exit 1",
          "build": "tsc",
          "api": "node dist/main.js",
          "action": "node dist/actionGenerate/main.js",
          "actionreact": "node dist/actionGenerateReact/main.js",
      },
      "repository": {
          "type": "git",
          "url": "git+https://github.com/panxiuqing/mockjs-to-ts.git"
      },
      "keywords": [],
      "author": "",
      "license": "ISC",
      "bugs": {
          "url": "https://github.com/panxiuqing/mockjs-to-ts/issues"
      },
      "homepage": "https://github.com/panxiuqing/mockjs-to-ts#readme",
      "devDependencies": {
          "@types/node": "^10.12.14",
          "typescript": "^3.2.2"
      },
      "dependencies": {
          "axios": "^0.18.0",
          "prettier": "^1.15.3"
      }
  }

yarn manifest: 
  No manifest

Lockfile: 
  # THIS IS AN AUTOGENERATED FILE. DO NOT EDIT THIS FILE DIRECTLY.
  # yarn lockfile v1
  
  
  "@types/node@^10.12.14":
    version "10.12.14"
    resolved "http://test.yi-you.org:4873/@types%2fnode/-/node-10.12.14.tgz#c03b6380c5c301be0499ecd143b99b76ebe45678"
    integrity sha512-0rVcFRhM93kRGAU88ASCjX9Y3FWDCh+33G5Z5evpKOea4xcpLqDGwmo64+DjgaSezTN5j9KdnUzvxhOw7fNciQ==
  
  axios@^0.18.0:
    version "0.18.0"
    resolved "http://registry.npm.taobao.org/axios/download/axios-0.18.0.tgz#32d53e4851efdc0a11993b6cd000789d70c05102"
    integrity sha1-MtU+SFHv3AoRmTts0AB4nXDAUQI=
    dependencies:
      follow-redirects "^1.3.0"
      is-buffer "^1.1.5"
  
  debug@=3.1.0:
    version "3.1.0"
    resolved "http://registry.npm.taobao.org/debug/download/debug-3.1.0.tgz#5bb5a0672628b64149566ba16819e61518c67261"
    integrity sha1-W7WgZyYotkFJVmuhaBnmFRjGcmE=
    dependencies:
      ms "2.0.0"
  
  follow-redirects@^1.3.0:
    version "1.5.10"
    resolved "http://registry.npm.taobao.org/follow-redirects/download/follow-redirects-1.5.10.tgz#7b7a9f9aea2fdff36786a94ff643ed07f4ff5e2a"
    integrity sha1-e3qfmuov3/NnhqlP9kPtB/T/Xio=
    dependencies:
      debug "=3.1.0"
  
  is-buffer@^1.1.5:
    version "1.1.6"
    resolved "http://registry.npm.taobao.org/is-buffer/download/is-buffer-1.1.6.tgz#efaa2ea9daa0d7ab2ea13a97b2b8ad51fefbe8be"
    integrity sha1-76ouqdqg16suoTqXsritUf776L4=
  
  ms@2.0.0:
    version "2.0.0"
    resolved "http://registry.npm.taobao.org/ms/download/ms-2.0.0.tgz#5608aeadfc00be6c2901df5f9861788de0d597c8"
    integrity sha1-VgiurfwAvmwpAd9fmGF4jeDVl8g=
  
  prettier@^1.15.3:
    version "1.15.3"
    resolved "http://test.yi-you.org:4873/prettier/-/prettier-1.15.3.tgz#1feaac5bdd181237b54dbe65d874e02a1472786a"
    integrity sha512-gAU9AGAPMaKb3NNSUUuhhFAS7SCO4ALTN4nRIn6PJ075Qd28Yn2Ig2ahEJWdJwJmlEBTUfC7mMUSFy8MwsOCfg==
  
  typescript@^3.2.2:
    version "3.2.2"
    resolved "http://test.yi-you.org:4873/typescript/-/typescript-3.2.2.tgz#fe8101c46aa123f8353523ebdcf5730c2ae493e5"
    integrity sha512-VCj5UiSyHBjwfYacmDuc/NOk4QQixbE+Wn7MFJuS0nRuPQbof132Pw4u53dm264O8LPc2MVsc7RJNml5szurkg==
